app/build/intermediates/manifest_merge_blame_file/ctgDebug/manifest-merger-blame-ctg-debug-report.txt
1<?xml version="1.0" encoding="utf-8"?>
2<manifest xmlns:android="http://schemas.android.com/apk/res/android"
3    package="com.ctgoe.app.dingding"
4    android:versionCode="13"
5    android:versionName="1.0.13" >
6
7    <uses-sdk
8        android:minSdkVersion="23"
8-->src\main\AndroidManifest.xml
9        android:targetSdkVersion="29" />
9-->src\main\AndroidManifest.xml
10    <!-- package="$applicationId"> -->
11    <!-- 解锁屏幕需要的权限 -->
12    <uses-permission android:name="android.permission.DISABLE_KEYGUARD" /> <!-- 申请电源锁需要的权限 -->
12-->src\main\AndroidManifest.xml:7:5-75
12-->src\main\AndroidManifest.xml:7:22-72
13    <uses-permission android:name="android.permission.WAKE_LOCK" /> <!-- 震动权限 -->
13-->src\main\AndroidManifest.xml:8:5-68
13-->src\main\AndroidManifest.xml:8:22-65
14    <uses-permission android:name="android.permission.VIBRATE" />
14-->src\main\AndroidManifest.xml:9:5-66
14-->src\main\AndroidManifest.xml:9:22-63
15    <uses-permission android:name="android.permission.REQUEST_INSTALL_PACKAGES" />
15-->src\main\AndroidManifest.xml:10:5-83
15-->src\main\AndroidManifest.xml:10:22-80
16    <uses-permission android:name="android.permission.FOREGROUND_SERVICE" />
16-->src\main\AndroidManifest.xml:11:5-77
16-->src\main\AndroidManifest.xml:11:22-74
17    <uses-permission android:name="android.permission.CAMERA" />
17-->src\main\AndroidManifest.xml:12:5-65
17-->src\main\AndroidManifest.xml:12:22-62
18    <uses-permission android:name="android.permission.KILL_BACKGROUND_PROCESSES" />
18-->src\main\AndroidManifest.xml:13:5-84
18-->src\main\AndroidManifest.xml:13:22-81
19    <uses-permission android:name="android.permission.INTERNET" />
19-->src\main\AndroidManifest.xml:14:5-67
19-->src\main\AndroidManifest.xml:14:22-64
20    <uses-permission android:name="android.permission.READ_EXTERNAL_STORAGE" />
20-->src\main\AndroidManifest.xml:15:5-80
20-->src\main\AndroidManifest.xml:15:22-77
21    <uses-permission android:name="android.permission.WRITE_EXTERNAL_STORAGE" /> <!-- 读取通讯录 -->
21-->src\main\AndroidManifest.xml:16:5-81
21-->src\main\AndroidManifest.xml:16:22-78
22    <uses-permission android:name="android.permission.READ_CONTACTS" />
22-->src\main\AndroidManifest.xml:17:5-72
22-->src\main\AndroidManifest.xml:17:22-69
23    <uses-permission android:name="android.permission.ACCESS_WIFI_STATE" />
23-->src\main\AndroidManifest.xml:18:5-76
23-->src\main\AndroidManifest.xml:18:22-73
24    <uses-permission android:name="android.permission.ACCESS_NETWORK_STATE" />
24-->src\main\AndroidManifest.xml:19:5-79
24-->src\main\AndroidManifest.xml:19:22-76
25    <uses-permission android:name="android.permission.WRITE_CONTACTS" />
25-->src\main\AndroidManifest.xml:20:5-73
25-->src\main\AndroidManifest.xml:20:22-70
26    <uses-permission android:name="android.permission.MOUNT_UNMOUNT_FILESYSTEMS" />
26-->src\main\AndroidManifest.xml:21:5-23:47
26-->src\main\AndroidManifest.xml:22:9-68
27    <uses-permission android:name="android.permission.READ_PHONE_STATE" />
27-->src\main\AndroidManifest.xml:24:5-75
27-->src\main\AndroidManifest.xml:24:22-72
28    <uses-permission android:name="android.permission.READ_LOGS" />
28-->src\main\AndroidManifest.xml:25:5-27:47
28-->src\main\AndroidManifest.xml:26:9-52
29
30    <uses-feature android:name="android.hardware.camera" />
30-->src\main\AndroidManifest.xml:29:5-60
30-->src\main\AndroidManifest.xml:29:19-57
31    <uses-feature android:name="android.hardware.camera.autofocus" />
31-->src\main\AndroidManifest.xml:30:5-70
31-->src\main\AndroidManifest.xml:30:19-67
32    <uses-feature android:name="android.hardware.location.gps" />
32-->src\main\AndroidManifest.xml:31:5-66
32-->src\main\AndroidManifest.xml:31:19-63
33
34    <uses-permission android:name="android.permission.FLASHLIGHT" /> <!-- 录音权限 -->
34-->src\main\AndroidManifest.xml:33:5-69
34-->src\main\AndroidManifest.xml:33:22-66
35    <uses-permission android:name="android.permission.RECORD_AUDIO" />
35-->src\main\AndroidManifest.xml:34:5-71
35-->src\main\AndroidManifest.xml:34:22-68
36
37    <queries>
37-->src\main\AndroidManifest.xml:36:5-38:15
38        <package android:name="com.tencent.mm" />
38-->src\main\AndroidManifest.xml:37:9-50
38-->src\main\AndroidManifest.xml:37:18-47
39    </queries>
40
41    <uses-feature
41-->[com.otaliastudios:cameraview:2.6.2] AndroidManifest.xml:27:5-29:36
42        android:name="android.hardware.camera.front"
42-->[com.otaliastudios:cameraview:2.6.2] AndroidManifest.xml:28:9-53
43        android:required="false" />
43-->[com.otaliastudios:cameraview:2.6.2] AndroidManifest.xml:29:9-33
44    <uses-feature
44-->[com.otaliastudios:cameraview:2.6.2] AndroidManifest.xml:30:5-32:36
45        android:name="android.hardware.microphone"
45-->[com.otaliastudios:cameraview:2.6.2] AndroidManifest.xml:31:9-51
46        android:required="false" />
46-->[com.otaliastudios:cameraview:2.6.2] AndroidManifest.xml:32:9-33
47
48    <supports-screens
48-->[:alipaySdk-15.7.9-20200727142846:] AndroidManifest.xml:11:5-16:39
49        android:anyDensity="true"
49-->[:alipaySdk-15.7.9-20200727142846:] AndroidManifest.xml:12:9-34
50        android:largeScreens="true"
50-->[:alipaySdk-15.7.9-20200727142846:] AndroidManifest.xml:13:9-36
51        android:normalScreens="true"
51-->[:alipaySdk-15.7.9-20200727142846:] AndroidManifest.xml:14:9-37
52        android:resizeable="true"
52-->[:alipaySdk-15.7.9-20200727142846:] AndroidManifest.xml:15:9-34
53        android:smallScreens="true" />
53-->[:alipaySdk-15.7.9-20200727142846:] AndroidManifest.xml:16:9-36
54
55    <uses-permission android:name="android.permission.CHANGE_CONFIGURATION" /> <!-- Required -->
55-->[com.lwkandroid:ImagePicker:1.4.4] AndroidManifest.xml:12:5-79
55-->[com.lwkandroid:ImagePicker:1.4.4] AndroidManifest.xml:12:22-76
56    <permission
56-->[cn.jiguang.sdk:jpush:4.2.8] AndroidManifest.xml:11:5-13:47
57        android:name="com.ctgoe.app.dingding.permission.JPUSH_MESSAGE"
57-->[cn.jiguang.sdk:jpush:4.2.8] AndroidManifest.xml:12:9-65
58        android:protectionLevel="signature" /> <!-- Required  一些系统要求的权限，如访问网络等 -->
58-->[cn.jiguang.sdk:jpush:4.2.8] AndroidManifest.xml:13:9-44
59    <uses-permission android:name="com.ctgoe.app.dingding.permission.JPUSH_MESSAGE" />
59-->[cn.jiguang.sdk:jpush:4.2.8] AndroidManifest.xml:16:5-81
59-->[cn.jiguang.sdk:jpush:4.2.8] AndroidManifest.xml:16:22-78
60    <uses-permission android:name="android.permission.RECEIVE_USER_PRESENT" />
60-->[cn.jiguang.sdk:jpush:4.2.8] AndroidManifest.xml:17:5-79
60-->[cn.jiguang.sdk:jpush:4.2.8] AndroidManifest.xml:17:22-76
61    <uses-permission android:name="android.permission.WRITE_SETTINGS" /> <!-- 华为角标 -->
61-->[cn.jiguang.sdk:jpush:4.2.8] AndroidManifest.xml:22:5-73
61-->[cn.jiguang.sdk:jpush:4.2.8] AndroidManifest.xml:22:22-70
62    <uses-permission android:name="com.huawei.android.launcher.permission.CHANGE_BADGE" />
62-->[cn.jiguang.sdk:jpush:4.2.8] AndroidManifest.xml:28:5-91
62-->[cn.jiguang.sdk:jpush:4.2.8] AndroidManifest.xml:28:22-88
63    <uses-permission android:name="android.permission.SYSTEM_ALERT_WINDOW" /> <!-- 用于开启 debug 版本的应用在6.0 系统上 层叠窗口权限 -->
63-->[cn.jiguang.sdk:jpush:4.2.8] AndroidManifest.xml:32:5-78
63-->[cn.jiguang.sdk:jpush:4.2.8] AndroidManifest.xml:32:22-75
64    <uses-permission android:name="android.permission.ACCESS_COARSE_LOCATION" />
64-->[cn.jiguang.sdk:jpush:4.2.8] AndroidManifest.xml:33:5-81
64-->[cn.jiguang.sdk:jpush:4.2.8] AndroidManifest.xml:33:22-78
65    <uses-permission android:name="android.permission.CHANGE_WIFI_STATE" />
65-->[cn.jiguang.sdk:jpush:4.2.8] AndroidManifest.xml:34:5-76
65-->[cn.jiguang.sdk:jpush:4.2.8] AndroidManifest.xml:34:22-73
66    <uses-permission android:name="android.permission.ACCESS_FINE_LOCATION" />
66-->[cn.jiguang.sdk:jpush:4.2.8] AndroidManifest.xml:35:5-79
66-->[cn.jiguang.sdk:jpush:4.2.8] AndroidManifest.xml:35:22-76
67    <uses-permission android:name="android.permission.ACCESS_BACKGROUND_LOCATION" /> <!-- Android Q后台定位权限 -->
67-->[cn.jiguang.sdk:jpush:4.2.8] AndroidManifest.xml:36:5-85
67-->[cn.jiguang.sdk:jpush:4.2.8] AndroidManifest.xml:36:22-82
68    <uses-permission android:name="android.permission.ACCESS_LOCATION_EXTRA_COMMANDS" />
68-->[cn.jiguang.sdk:jpush:4.2.8] AndroidManifest.xml:37:5-89
68-->[cn.jiguang.sdk:jpush:4.2.8] AndroidManifest.xml:37:22-86
69    <uses-permission android:name="android.permission.CHANGE_NETWORK_STATE" />
69-->[cn.jiguang.sdk:jpush:4.2.8] AndroidManifest.xml:38:5-79
69-->[cn.jiguang.sdk:jpush:4.2.8] AndroidManifest.xml:38:22-76
70    <uses-permission android:name="android.permission.GET_TASKS" />
70-->[cn.jiguang.sdk:jpush:4.2.8] AndroidManifest.xml:39:5-68
70-->[cn.jiguang.sdk:jpush:4.2.8] AndroidManifest.xml:39:22-65
71    <uses-permission android:name="android.permission.QUERY_ALL_PACKAGES" />
71-->[cn.jiguang.sdk:jpush:4.2.8] AndroidManifest.xml:40:5-77
71-->[cn.jiguang.sdk:jpush:4.2.8] AndroidManifest.xml:40:22-74
72
73    <application
73-->src\main\AndroidManifest.xml:40:5-480:19
74        android:name="com.android.ctgapp.base.BaseApplication"
74-->src\main\AndroidManifest.xml:41:9-45
75        android:allowBackup="true"
75-->src\main\AndroidManifest.xml:42:9-35
76        android:appComponentFactory="androidx.core.app.CoreComponentFactory"
76-->[androidx.core:core:1.5.0] AndroidManifest.xml:24:18-86
77        android:debuggable="true"
78        android:extractNativeLibs="false"
79        android:fullBackupContent="false"
79-->src\main\AndroidManifest.xml:43:9-42
80        android:icon="@drawable/logo_app"
80-->src\main\AndroidManifest.xml:44:9-42
81        android:label="@string/app_name"
81-->src\main\AndroidManifest.xml:45:9-41
82        android:networkSecurityConfig="@xml/network_security_config"
82-->src\main\AndroidManifest.xml:46:9-69
83        android:requestLegacyExternalStorage="true"
83-->src\main\AndroidManifest.xml:47:9-52
84        android:resizeableActivity="false"
84-->src\main\AndroidManifest.xml:48:9-43
85        android:roundIcon="@mipmap/ic_launcher_round"
85-->src\main\AndroidManifest.xml:49:9-54
86        android:supportsRtl="true"
86-->src\main\AndroidManifest.xml:50:9-35
87        android:testOnly="true"
88        android:theme="@style/AppTheme" >
88-->src\main\AndroidManifest.xml:51:9-40
89        <activity
89-->src\main\AndroidManifest.xml:54:9-56:40
90            android:name="com.android.ctgapp.activity.home.shop.SearchGoodsActivity"
90-->src\main\AndroidManifest.xml:55:13-67
91            android:exported="false" />
91-->src\main\AndroidManifest.xml:56:13-37
92        <activity
92-->src\main\AndroidManifest.xml:57:9-59:40
93            android:name="com.android.ctgapp.activity.mine.money.RechargeMoneyHistoryActivity"
93-->src\main\AndroidManifest.xml:58:13-77
94            android:exported="false" />
94-->src\main\AndroidManifest.xml:59:13-37
95        <activity
95-->src\main\AndroidManifest.xml:60:9-62:40
96            android:name="com.android.ctgapp.activity.mine.money.MoneyPackageRechargeActivity"
96-->src\main\AndroidManifest.xml:61:13-77
97            android:exported="false" />
97-->src\main\AndroidManifest.xml:62:13-37
98        <activity
98-->src\main\AndroidManifest.xml:63:9-65:40
99            android:name="com.android.ctgapp.activity.mine.money.MyMoneyPackageActivity"
99-->src\main\AndroidManifest.xml:64:13-71
100            android:exported="false" />
100-->src\main\AndroidManifest.xml:65:13-37
101        <activity
101-->src\main\AndroidManifest.xml:66:9-68:40
102            android:name="com.android.ctgapp.activity.mine.team.InviteUserToTeamActivity"
102-->src\main\AndroidManifest.xml:67:13-72
103            android:exported="false" />
103-->src\main\AndroidManifest.xml:68:13-37
104        <activity
104-->src\main\AndroidManifest.xml:69:9-71:40
105            android:name="com.android.ctgapp.activity.message.chart.CurrentGroupChartActivity"
105-->src\main\AndroidManifest.xml:70:13-77
106            android:exported="false" />
106-->src\main\AndroidManifest.xml:71:13-37
107        <activity
107-->src\main\AndroidManifest.xml:72:9-74:39
108            android:name="com.android.ctgapp.activity.mine.company.ClientManagerSetActivity"
108-->src\main\AndroidManifest.xml:73:13-75
109            android:exported="true" />
109-->src\main\AndroidManifest.xml:74:13-36
110        <activity
110-->src\main\AndroidManifest.xml:75:9-77:39
111            android:name="com.android.ctgapp.activity.deal.QueryRecordV2Activity"
111-->src\main\AndroidManifest.xml:76:13-64
112            android:exported="true" />
112-->src\main\AndroidManifest.xml:77:13-36
113        <activity
113-->src\main\AndroidManifest.xml:78:9-80:39
114            android:name="com.android.ctgapp.activity.mine.ShouXinCompanyctivity"
114-->src\main\AndroidManifest.xml:79:13-64
115            android:exported="true" />
115-->src\main\AndroidManifest.xml:80:13-36
116        <activity
116-->src\main\AndroidManifest.xml:81:9-83:39
117            android:name="com.android.ctgapp.activity.home.CarConfigDetailActivity"
117-->src\main\AndroidManifest.xml:82:13-66
118            android:exported="true" />
118-->src\main\AndroidManifest.xml:83:13-36
119        <activity
119-->src\main\AndroidManifest.xml:84:9-86:39
120            android:name="com.android.ctgapp.WXEntryActivity"
120-->src\main\AndroidManifest.xml:85:13-44
121            android:exported="true" />
121-->src\main\AndroidManifest.xml:86:13-36
122        <activity
122-->src\main\AndroidManifest.xml:87:9-91:50
123            android:name="com.android.ctgapp.activity.mine.JumpToGzhDialogActivity"
123-->src\main\AndroidManifest.xml:88:13-66
124            android:exported="true"
124-->src\main\AndroidManifest.xml:89:13-36
125            android:launchMode="singleTop"
125-->src\main\AndroidManifest.xml:90:13-43
126            android:theme="@style/DialogTheme" />
126-->src\main\AndroidManifest.xml:91:13-47
127        <activity
127-->src\main\AndroidManifest.xml:92:9-94:39
128            android:name="com.android.ctgapp.activity.mine.alliance.AllianceChildCompanyActivity"
128-->src\main\AndroidManifest.xml:93:13-80
129            android:exported="true" />
129-->src\main\AndroidManifest.xml:94:13-36
130        <activity android:name="com.android.ctgapp.activity.home.enquiry.VinSearchHistoryActivity" />
130-->src\main\AndroidManifest.xml:95:9-84
130-->src\main\AndroidManifest.xml:95:19-81
131        <activity android:name="com.android.ctgapp.activity.deal.enquire.EnquireWishDetailActivity" />
131-->src\main\AndroidManifest.xml:96:9-85
131-->src\main\AndroidManifest.xml:96:19-82
132        <activity android:name="com.android.ctgapp.activity.deal.enquire.EnquireWishListActivity" />
132-->src\main\AndroidManifest.xml:97:9-83
132-->src\main\AndroidManifest.xml:97:19-80
133        <activity
133-->src\main\AndroidManifest.xml:98:9-101:50
134            android:name="com.android.ctgapp.activity.other.SystemNoticeDialogActivity"
134-->src\main\AndroidManifest.xml:99:13-70
135            android:launchMode="singleTop"
135-->src\main\AndroidManifest.xml:100:13-43
136            android:theme="@style/DialogTheme" />
136-->src\main\AndroidManifest.xml:101:13-47
137        <activity
137-->src\main\AndroidManifest.xml:102:9-104:47
138            android:name="com.android.ctgapp.activity.message.SystemNoticeActivity"
138-->src\main\AndroidManifest.xml:103:13-66
139            android:launchMode="singleTask" />
139-->src\main\AndroidManifest.xml:104:13-44
140        <activity android:name="com.android.ctgapp.activity.deal.EnquireOrderConfirmActivity" />
140-->src\main\AndroidManifest.xml:105:9-79
140-->src\main\AndroidManifest.xml:105:19-76
141        <activity android:name="com.android.ctgapp.activity.deal.EnquireWaitDetailActivity" />
141-->src\main\AndroidManifest.xml:106:9-77
141-->src\main\AndroidManifest.xml:106:19-74
142        <activity android:name="com.android.ctgapp.activity.other.GuidePageActivity" />
142-->src\main\AndroidManifest.xml:107:9-70
142-->src\main\AndroidManifest.xml:107:19-67
143        <activity android:name="com.android.ctgapp.activity.deal.CommonPaySuccessActivity" />
143-->src\main\AndroidManifest.xml:108:9-76
143-->src\main\AndroidManifest.xml:108:19-73
144        <activity android:name="com.android.ctgapp.activity.mine.whitebar.PrepaymentChildActivity" />
144-->src\main\AndroidManifest.xml:109:9-84
144-->src\main\AndroidManifest.xml:109:19-81
145        <activity android:name="com.android.ctgapp.activity.mine.whitebar.PrepaymentActivity" />
145-->src\main\AndroidManifest.xml:110:9-79
145-->src\main\AndroidManifest.xml:110:19-76
146        <activity android:name="com.android.ctgapp.activity.home.shop.WhiteBarReturnActivity" />
146-->src\main\AndroidManifest.xml:111:9-79
146-->src\main\AndroidManifest.xml:111:19-76
147        <activity
147-->src\main\AndroidManifest.xml:112:9-114:46
148            android:name="com.android.ctgapp.activity.mine.whitebar.CreditExtensionActivity"
148-->src\main\AndroidManifest.xml:113:13-75
149            android:launchMode="singleTop" />
149-->src\main\AndroidManifest.xml:114:13-43
150        <activity
150-->src\main\AndroidManifest.xml:115:9-117:46
151            android:name="com.android.ctgapp.activity.mine.whitebar.WhiteBarDetailChildActivity"
151-->src\main\AndroidManifest.xml:116:13-79
152            android:launchMode="singleTop" />
152-->src\main\AndroidManifest.xml:117:13-43
153        <activity
153-->src\main\AndroidManifest.xml:118:9-120:46
154            android:name="com.android.ctgapp.activity.mine.whitebar.WhiteBarDealDetailActivity"
154-->src\main\AndroidManifest.xml:119:13-78
155            android:launchMode="singleTop" />
155-->src\main\AndroidManifest.xml:120:13-43
156        <activity
156-->src\main\AndroidManifest.xml:121:9-123:46
157            android:name="com.android.ctgapp.activity.mine.whitebar.WhiteBarDetailActivity"
157-->src\main\AndroidManifest.xml:122:13-74
158            android:launchMode="singleTop" />
158-->src\main\AndroidManifest.xml:123:13-43
159        <activity
159-->src\main\AndroidManifest.xml:124:9-126:46
160            android:name="com.android.ctgapp.activity.mine.whitebar.CheckFlowActivity"
160-->src\main\AndroidManifest.xml:125:13-69
161            android:launchMode="singleTop" />
161-->src\main\AndroidManifest.xml:126:13-43
162        <activity
162-->src\main\AndroidManifest.xml:127:9-129:47
163            android:name="com.android.ctgapp.activity.mine.whitebar.WhiteBarV2Activity"
163-->src\main\AndroidManifest.xml:128:13-70
164            android:launchMode="singleTask" />
164-->src\main\AndroidManifest.xml:129:13-44
165        <activity
165-->src\main\AndroidManifest.xml:130:9-133:47
166            android:name="com.ctgoe.app.wl.wxapi.WXPayEntryActivity"
166-->src\main\AndroidManifest.xml:131:13-69
167            android:exported="true"
167-->src\main\AndroidManifest.xml:132:13-36
168            android:launchMode="singleTask" />
168-->src\main\AndroidManifest.xml:133:13-44
169        <activity
169-->src\main\AndroidManifest.xml:134:9-137:47
170            android:name="com.ctgoe.app.dingding.wxapi.WXPayEntryActivity"
170-->src\main\AndroidManifest.xml:135:13-75
171            android:exported="true"
171-->src\main\AndroidManifest.xml:136:13-36
172            android:launchMode="singleTask" />
172-->src\main\AndroidManifest.xml:137:13-44
173        <activity
173-->src\main\AndroidManifest.xml:138:9-141:47
174            android:name="com.ctgoe.app.dingding.wxapi.WXEntryActivity"
174-->src\main\AndroidManifest.xml:139:13-72
175            android:exported="true"
175-->src\main\AndroidManifest.xml:140:13-36
176            android:launchMode="singleTask" />
176-->src\main\AndroidManifest.xml:141:13-44
177        <activity
177-->src\main\AndroidManifest.xml:142:9-145:46
178            android:name="com.ctgoe.app.lanjing.wxapi.WXPayEntryActivity"
178-->src\main\AndroidManifest.xml:143:13-74
179            android:exported="true"
179-->src\main\AndroidManifest.xml:144:13-36
180            android:launchMode="singleTop" />
180-->src\main\AndroidManifest.xml:145:13-43
181        <activity
181-->src\main\AndroidManifest.xml:146:9-149:46
182            android:name="com.android.ctgapp.wxapi.WXPayEntryActivity"
182-->src\main\AndroidManifest.xml:147:13-53
183            android:exported="true"
183-->src\main\AndroidManifest.xml:148:13-36
184            android:launchMode="singleTop" />
184-->src\main\AndroidManifest.xml:149:13-43
185        <activity
185-->src\main\AndroidManifest.xml:150:9-152:46
186            android:name="com.android.ctgapp.activity.home.enquiry.EpcPartDetailActivity"
186-->src\main\AndroidManifest.xml:151:13-72
187            android:launchMode="singleTop" />
187-->src\main\AndroidManifest.xml:152:13-43
188        <activity
188-->src\main\AndroidManifest.xml:153:9-155:46
189            android:name="com.android.ctgapp.activity.home.enquiry.EpcDetailActivity"
189-->src\main\AndroidManifest.xml:154:13-68
190            android:launchMode="singleTop" />
190-->src\main\AndroidManifest.xml:155:13-43
191        <activity
191-->src\main\AndroidManifest.xml:156:9-158:46
192            android:name="com.android.ctgapp.activity.home.enquiry.EPCActivity"
192-->src\main\AndroidManifest.xml:157:13-62
193            android:launchMode="singleTop" />
193-->src\main\AndroidManifest.xml:158:13-43
194        <activity
194-->src\main\AndroidManifest.xml:159:9-161:46
195            android:name="com.android.ctgapp.activity.deal.QueryRecordDetailActivity"
195-->src\main\AndroidManifest.xml:160:13-68
196            android:launchMode="singleTop" />
196-->src\main\AndroidManifest.xml:161:13-43
197        <activity
197-->src\main\AndroidManifest.xml:162:9-164:46
198            android:name="com.android.ctgapp.activity.home.enquiry.BatchAddPartSelectMoreActivity"
198-->src\main\AndroidManifest.xml:163:13-81
199            android:launchMode="singleTop" />
199-->src\main\AndroidManifest.xml:164:13-43
200        <activity
200-->src\main\AndroidManifest.xml:165:9-167:46
201            android:name="com.android.ctgapp.activity.deal.QueryRecordActivity"
201-->src\main\AndroidManifest.xml:166:13-62
202            android:launchMode="singleTop" />
202-->src\main\AndroidManifest.xml:167:13-43
203        <activity
203-->src\main\AndroidManifest.xml:168:9-170:46
204            android:name="com.android.ctgapp.activity.home.enquiry.AddPartActivity"
204-->src\main\AndroidManifest.xml:169:13-66
205            android:launchMode="singleTop" />
205-->src\main\AndroidManifest.xml:170:13-43
206        <activity
206-->src\main\AndroidManifest.xml:171:9-173:46
207            android:name="com.android.ctgapp.activity.home.enquiry.BatchAddPartActivity"
207-->src\main\AndroidManifest.xml:172:13-71
208            android:launchMode="singleTop" />
208-->src\main\AndroidManifest.xml:173:13-43
209        <activity
209-->src\main\AndroidManifest.xml:174:9-176:46
210            android:name="com.android.ctgapp.activity.home.enquiry.EnquiryCommonSelectActivity"
210-->src\main\AndroidManifest.xml:175:13-78
211            android:launchMode="singleTop" />
211-->src\main\AndroidManifest.xml:176:13-43
212        <activity
212-->src\main\AndroidManifest.xml:177:9-180:55
213            android:name="com.android.ctgapp.activity.home.enquiry.EnquiryActivity"
213-->src\main\AndroidManifest.xml:178:13-66
214            android:launchMode="singleTask"
214-->src\main\AndroidManifest.xml:179:13-44
215            android:windowSoftInputMode="adjustPan" />
215-->src\main\AndroidManifest.xml:180:13-52
216        <activity
216-->src\main\AndroidManifest.xml:181:9-183:46
217            android:name="com.android.ctgapp.activity.mine.alliance.AllianceDetailActivity"
217-->src\main\AndroidManifest.xml:182:13-74
218            android:launchMode="singleTop" />
218-->src\main\AndroidManifest.xml:183:13-43
219        <activity
219-->src\main\AndroidManifest.xml:184:9-186:46
220            android:name="com.android.ctgapp.activity.mine.setting.AboutAppActivity"
220-->src\main\AndroidManifest.xml:185:13-67
221            android:launchMode="singleTop" />
221-->src\main\AndroidManifest.xml:186:13-43
222        <activity
222-->src\main\AndroidManifest.xml:187:9-189:46
223            android:name="com.android.ctgapp.activity.login.UserAgreementActivity"
223-->src\main\AndroidManifest.xml:188:13-65
224            android:launchMode="singleTop" />
224-->src\main\AndroidManifest.xml:189:13-43
225        <activity
225-->src\main\AndroidManifest.xml:190:9-192:46
226            android:name="com.android.ctgapp.activity.mine.client.AuthInviteActivity"
226-->src\main\AndroidManifest.xml:191:13-68
227            android:launchMode="singleTop" />
227-->src\main\AndroidManifest.xml:192:13-43
228        <activity
228-->src\main\AndroidManifest.xml:193:9-195:46
229            android:name="com.android.ctgapp.activity.mine.company.CompanyAttestationActivity"
229-->src\main\AndroidManifest.xml:194:13-77
230            android:launchMode="singleTop" />
230-->src\main\AndroidManifest.xml:195:13-43
231        <activity
231-->src\main\AndroidManifest.xml:196:9-198:46
232            android:name="com.android.ctgapp.activity.mine.company.CompanyIntroActivity"
232-->src\main\AndroidManifest.xml:197:13-71
233            android:launchMode="singleTop" />
233-->src\main\AndroidManifest.xml:198:13-43
234        <activity
234-->src\main\AndroidManifest.xml:199:9-201:46
235            android:name="com.android.ctgapp.activity.message.chart.card.CardShareRecentChartActivity"
235-->src\main\AndroidManifest.xml:200:13-85
236            android:launchMode="singleTop" />
236-->src\main\AndroidManifest.xml:201:13-43
237        <activity
237-->src\main\AndroidManifest.xml:202:9-204:46
238            android:name="com.android.ctgapp.activity.message.chart.card.DingDingContactShareActivity"
238-->src\main\AndroidManifest.xml:203:13-85
239            android:launchMode="singleTop" />
239-->src\main\AndroidManifest.xml:204:13-43
240        <activity
240-->src\main\AndroidManifest.xml:205:9-207:46
241            android:name="com.android.ctgapp.activity.message.chart.PersonInfoActivity"
241-->src\main\AndroidManifest.xml:206:13-70
242            android:launchMode="singleTop" />
242-->src\main\AndroidManifest.xml:207:13-43
243        <activity
243-->src\main\AndroidManifest.xml:208:9-210:46
244            android:name="com.android.ctgapp.activity.mine.company.CompanyInfoSettingActivity"
244-->src\main\AndroidManifest.xml:209:13-77
245            android:launchMode="singleTop" />
245-->src\main\AndroidManifest.xml:210:13-43
246        <activity
246-->src\main\AndroidManifest.xml:211:9-213:46
247            android:name="com.android.ctgapp.activity.mine.friend.FriendCompanyActivity"
247-->src\main\AndroidManifest.xml:212:13-71
248            android:launchMode="singleTop" />
248-->src\main\AndroidManifest.xml:213:13-43
249        <activity
249-->src\main\AndroidManifest.xml:214:9-216:46
250            android:name="com.android.ctgapp.activity.mine.team.ManagementTeamActivity"
250-->src\main\AndroidManifest.xml:215:13-70
251            android:launchMode="singleTop" />
251-->src\main\AndroidManifest.xml:216:13-43
252        <activity
252-->src\main\AndroidManifest.xml:217:9-219:46
253            android:name="com.android.ctgapp.activity.mine.team.ManagementTeamMenuActivity"
253-->src\main\AndroidManifest.xml:218:13-74
254            android:launchMode="singleTop" />
254-->src\main\AndroidManifest.xml:219:13-43
255        <activity
255-->src\main\AndroidManifest.xml:220:9-222:46
256            android:name="com.android.ctgapp.activity.message.chart.ChartOrderActivity"
256-->src\main\AndroidManifest.xml:221:13-70
257            android:launchMode="singleTop" />
257-->src\main\AndroidManifest.xml:222:13-43
258        <activity
258-->src\main\AndroidManifest.xml:223:9-225:46
259            android:name="com.android.ctgapp.activity.message.chart.TakePhotoActivity"
259-->src\main\AndroidManifest.xml:224:13-69
260            android:launchMode="singleTop" />
260-->src\main\AndroidManifest.xml:225:13-43
261        <activity
261-->src\main\AndroidManifest.xml:226:9-229:58
262            android:name="com.android.ctgapp.activity.message.chart.CurrentChartActivity"
262-->src\main\AndroidManifest.xml:227:13-72
263            android:launchMode="singleTop"
263-->src\main\AndroidManifest.xml:228:13-43
264            android:windowSoftInputMode="adjustResize" />
264-->src\main\AndroidManifest.xml:229:13-55
265        <activity
265-->src\main\AndroidManifest.xml:230:9-232:46
266            android:name="com.android.ctgapp.activity.mine.VisitorActivity"
266-->src\main\AndroidManifest.xml:231:13-58
267            android:launchMode="singleTop" />
267-->src\main\AndroidManifest.xml:232:13-43
268        <activity
268-->src\main\AndroidManifest.xml:233:9-235:46
269            android:name="com.android.ctgapp.activity.mine.team.ApplyNotifyActivity"
269-->src\main\AndroidManifest.xml:234:13-67
270            android:launchMode="singleTop" />
270-->src\main\AndroidManifest.xml:235:13-43
271        <activity
271-->src\main\AndroidManifest.xml:236:9-238:46
272            android:name="com.android.ctgapp.activity.mine.ShareAppActivity"
272-->src\main\AndroidManifest.xml:237:13-59
273            android:launchMode="singleTop" />
273-->src\main\AndroidManifest.xml:238:13-43
274        <activity
274-->src\main\AndroidManifest.xml:239:9-241:46
275            android:name="com.android.ctgapp.activity.mine.whitebar.WhiteBarActivity"
275-->src\main\AndroidManifest.xml:240:13-68
276            android:launchMode="singleTop" />
276-->src\main\AndroidManifest.xml:241:13-43
277        <activity
277-->src\main\AndroidManifest.xml:242:9-244:46
278            android:name="com.android.ctgapp.activity.mine.ALLCouponsActivity"
278-->src\main\AndroidManifest.xml:243:13-61
279            android:launchMode="singleTop" />
279-->src\main\AndroidManifest.xml:244:13-43
280        <activity
280-->src\main\AndroidManifest.xml:245:9-247:46